<?xml version="1.0" encoding="UTF-8"?>
<testsuite xmlns:xsi="http://www.w3.org/2001/XMLSchema-instance" xsi:noNamespaceSchemaLocation="https://maven.apache.org/surefire/maven-surefire-plugin/xsd/surefire-test-report.xsd" version="3.0.2" name="TestSuite" time="0.914" tests="5" errors="0" skipped="0" failures="0">
  <properties>
[...]
</properties>
  <testcase name="createContactTest" classname="pac1.ContactTest" time="0.019">
    <system-out><![CDATA[http://testenv.com
chrome
admin
admin
execute createContactTest
]]></system-out>
    <system-err><![CDATA[SLF4J(W): No SLF4J providers were found.
SLF4J(W): Defaulting to no-operation (NOP) logger implementation
SLF4J(W): See https://www.slf4j.org/codes.html#noProviders for further details.
]]></system-err>
  </testcase>
  <testcase name="deleteContactTest" classname="pac1.ContactTest" time="0.003">
    <system-out><![CDATA[execute deleteContactTest
]]></system-out>
  </testcase>
  <testcase name="modifyContactTest" classname="pac1.ContactTest" time="0.007">
    <system-out><![CDATA[execute modifyContactTest
]]></system-out>
  </testcase>
  <testcase name="createOrgTest" classname="pac2.OrgTest" time="0.015">
    <system-out><![CDATA[execute createOrgTest
http://testenv.com
chrome
admin
admin
]]></system-out>
  </testcase>
  <testcase name="modifyOrgTest" classname="pac2.OrgTest" time="0.004">
    <system-out><![CDATA[execute modifyOrgTest
]]></system-out>
  </testcase>
</testsuite>