<?xml version="1.0" encoding="UTF-8"?>
<!-- Generated by org.testng.reporters.JUnitXMLReporter -->
<testsuite ignored="0" hostname="LAPTOP-AOULPL3Q" failures="0" tests="4" name="Test" time="0.086" errors="0" timestamp="2025-03-05T11:04:02 IST">
  <testcase classname="pac1.ContactTest" name="createContactTest" time="0.007"/>
  <testcase classname="pac1.ContactTest" name="modifyContactTest" time="0.003"/>
  <testcase classname="pac2.OrgTest" name="createOrgTest" time="0.002"/>
  <testcase classname="pac2.OrgTest" name="modifyOrgTest" time="0.001"/>
</testsuite> <!-- Test -->
